============================================================
  Generated by:           Genus(TM) Synthesis Solution 21.15-s080_1
  Generated on:           May 07 2023  12:26:56 pm
  Module:                 TOP_wcount256_wlength4
  Operating conditions:   PVT_0P77V_0C 
  Interconnect mode:      global
  Area mode:              physical library
============================================================

Timing
--------

Clock Period 
-------------
clk    300.0 


        Cost          Critical         Violating 
       Group         Path Slack  TNS     Paths   
-------------------------------------------------
cg_enable_group_clk        60.5   0.0          0 
clk                        17.5   0.0          0 
default                No paths   0.0            
-------------------------------------------------
Total                             0.0          0 

Instance Count
--------------
Leaf Instance Count             2562 
Physical Instance count            0 
Sequential Instance Count       1415 
Combinational Instance Count    1147 
Hierarchical Instance Count      258 

Area
----
Cell Area                          7974.677
Physical Cell Area                 0.000
Total Cell Area (Cell+Physical)    7974.677
Net Area                           1828.472
Total Area (Cell+Physical+Net)     9803.149

Max Fanout                         376 (clk)
Min Fanout                         1 (CNT_n_122)
Average Fanout                     2.6
Terms to net ratio                 3.7115
Terms to instance ratio            3.7361
Runtime                            516.846292 seconds
Elapsed Runtime                    110 seconds
Genus peak memory usage            15051.83 
Innovus peak memory usage          no_value 
Hostname                           ecs04.poly.edu
